<?xml version="1.0" encoding="UTF-8"?>
<!-- Generated by org.testng.reporters.JUnitReportReporter -->
<testsuite hostname="DESKTOP-D0QCN09" failures="0" tests="1" name="practice.PracticeClass1" time="0.005" errors="0" timestamp="2023-03-10T14:53:06 IST" skipped="0">
  <testcase classname="practice.PracticeClass1" name="firstTest" time="0.005"/>
  <system-out/>
</testsuite> <!-- practice.PracticeClass1 -->
