<?xml version="1.0" encoding="UTF-8"?>
<!-- Generated by org.testng.reporters.JUnitReportReporter -->
<testsuite skipped="0" hostname="DESKTOP-D0QCN09" name="practice.PracticeClass1" tests="1" failures="0" timestamp="2023-03-10T15:01:47 IST" time="0.004" errors="0">
  <testcase name="firstTest" time="0.004" classname="practice.PracticeClass1"/>
  <system-out/>
</testsuite> <!-- practice.PracticeClass1 -->
